

Started GET "/static_pages/home" for 127.0.0.1 at 2013-02-10 19:13:11 +0000
Connecting to database specified by database.yml
Processing by StaticPagesController#home as HTML
  Rendered static_pages/home.html.erb within layouts/application (12.1ms)
Compiled static_pages.css  (49ms)  (pid 8406)
Compiled application.css  (174ms)  (pid 8406)
Compiled jquery.js  (7ms)  (pid 8406)
Compiled jquery_ujs.js  (1ms)  (pid 8406)
Compiled static_pages.js  (1189ms)  (pid 8406)
Compiled application.js  (1723ms)  (pid 8406)
Completed 200 OK in 2358ms (Views: 2355.7ms | ActiveRecord: 0.0ms)


Started GET "/assets/application.css?body=1" for 127.0.0.1 at 2013-02-10 19:13:17 +0000
Served asset /application.css - 304 Not Modified (99ms)


Started GET "/assets/jquery_ujs.js?body=1" for 127.0.0.1 at 2013-02-10 19:13:17 +0000
Served asset /jquery_ujs.js - 304 Not Modified (23ms)


Started GET "/assets/jquery.js?body=1" for 127.0.0.1 at 2013-02-10 19:13:17 +0000
Served asset /jquery.js - 304 Not Modified (17ms)


Started GET "/assets/static_pages.css?body=1" for 127.0.0.1 at 2013-02-10 19:13:17 +0000
Served asset /static_pages.css - 200 OK (13ms)


Started GET "/assets/static_pages.js?body=1" for 127.0.0.1 at 2013-02-10 19:13:17 +0000
Served asset /static_pages.js - 200 OK (10ms)


Started GET "/assets/application.js?body=1" for 127.0.0.1 at 2013-02-10 19:13:18 +0000
Served asset /application.js - 304 Not Modified (24ms)
Connecting to database specified by database.yml


Started GET "/static_pages/about" for 127.0.0.1 at 2013-02-12 15:13:22 +0000
Connecting to database specified by database.yml
Processing by StaticPagesController#about as HTML
  Rendered static_pages/about.html.erb within layouts/application (11.9ms)
Completed 200 OK in 821ms (Views: 819.6ms | ActiveRecord: 0.0ms)


Started GET "/assets/application.css?body=1" for 127.0.0.1 at 2013-02-12 15:13:26 +0000
Served asset /application.css - 304 Not Modified (43ms)


Started GET "/assets/static_pages.css?body=1" for 127.0.0.1 at 2013-02-12 15:13:26 +0000
Served asset /static_pages.css - 304 Not Modified (12ms)


Started GET "/assets/jquery.js?body=1" for 127.0.0.1 at 2013-02-12 15:13:26 +0000
Served asset /jquery.js - 304 Not Modified (91ms)


Started GET "/assets/jquery_ujs.js?body=1" for 127.0.0.1 at 2013-02-12 15:13:26 +0000
Served asset /jquery_ujs.js - 304 Not Modified (44ms)


Started GET "/assets/static_pages.js?body=1" for 127.0.0.1 at 2013-02-12 15:13:26 +0000
Served asset /static_pages.js - 304 Not Modified (14ms)


Started GET "/assets/application.js?body=1" for 127.0.0.1 at 2013-02-12 15:13:26 +0000
Served asset /application.js - 304 Not Modified (24ms)


Started GET "/users" for 127.0.0.1 at 2013-02-13 14:30:30 +0000
Connecting to database specified by database.yml

ActionController::RoutingError (No route matches [GET] "/users"):
  actionpack (3.2.11) lib/action_dispatch/middleware/debug_exceptions.rb:21:in `call'
  actionpack (3.2.11) lib/action_dispatch/middleware/show_exceptions.rb:56:in `call'
  railties (3.2.11) lib/rails/rack/logger.rb:32:in `call_app'
  railties (3.2.11) lib/rails/rack/logger.rb:16:in `block in call'
  activesupport (3.2.11) lib/active_support/tagged_logging.rb:22:in `tagged'
  railties (3.2.11) lib/rails/rack/logger.rb:16:in `call'
  actionpack (3.2.11) lib/action_dispatch/middleware/request_id.rb:22:in `call'
  rack (1.4.5) lib/rack/methodoverride.rb:21:in `call'
  rack (1.4.5) lib/rack/runtime.rb:17:in `call'
  activesupport (3.2.11) lib/active_support/cache/strategy/local_cache.rb:72:in `call'
  rack (1.4.5) lib/rack/lock.rb:15:in `call'
  actionpack (3.2.11) lib/action_dispatch/middleware/static.rb:62:in `call'
  railties (3.2.11) lib/rails/engine.rb:479:in `call'
  railties (3.2.11) lib/rails/application.rb:223:in `call'
  rack (1.4.5) lib/rack/content_length.rb:14:in `call'
  railties (3.2.11) lib/rails/rack/log_tailer.rb:17:in `call'
  rack (1.4.5) lib/rack/handler/webrick.rb:59:in `service'
  /home/cjreeve/.rvm/rubies/ruby-1.9.3-p385/lib/ruby/1.9.1/webrick/httpserver.rb:138:in `service'
  /home/cjreeve/.rvm/rubies/ruby-1.9.3-p385/lib/ruby/1.9.1/webrick/httpserver.rb:94:in `run'
  /home/cjreeve/.rvm/rubies/ruby-1.9.3-p385/lib/ruby/1.9.1/webrick/server.rb:191:in `block in start_thread'


  Rendered /home/cjreeve/.rvm/gems/ruby-1.9.3-p385/gems/actionpack-3.2.11/lib/action_dispatch/middleware/templates/rescues/routing_error.erb within rescues/layout (5.7ms)


Started GET "/home" for 127.0.0.1 at 2013-02-13 14:30:50 +0000

ActionController::RoutingError (No route matches [GET] "/home"):
  actionpack (3.2.11) lib/action_dispatch/middleware/debug_exceptions.rb:21:in `call'
  actionpack (3.2.11) lib/action_dispatch/middleware/show_exceptions.rb:56:in `call'
  railties (3.2.11) lib/rails/rack/logger.rb:32:in `call_app'
  railties (3.2.11) lib/rails/rack/logger.rb:16:in `block in call'
  activesupport (3.2.11) lib/active_support/tagged_logging.rb:22:in `tagged'
  railties (3.2.11) lib/rails/rack/logger.rb:16:in `call'
  actionpack (3.2.11) lib/action_dispatch/middleware/request_id.rb:22:in `call'
  rack (1.4.5) lib/rack/methodoverride.rb:21:in `call'
  rack (1.4.5) lib/rack/runtime.rb:17:in `call'
  activesupport (3.2.11) lib/active_support/cache/strategy/local_cache.rb:72:in `call'
  rack (1.4.5) lib/rack/lock.rb:15:in `call'
  actionpack (3.2.11) lib/action_dispatch/middleware/static.rb:62:in `call'
  railties (3.2.11) lib/rails/engine.rb:479:in `call'
  railties (3.2.11) lib/rails/application.rb:223:in `call'
  rack (1.4.5) lib/rack/content_length.rb:14:in `call'
  railties (3.2.11) lib/rails/rack/log_tailer.rb:17:in `call'
  rack (1.4.5) lib/rack/handler/webrick.rb:59:in `service'
  /home/cjreeve/.rvm/rubies/ruby-1.9.3-p385/lib/ruby/1.9.1/webrick/httpserver.rb:138:in `service'
  /home/cjreeve/.rvm/rubies/ruby-1.9.3-p385/lib/ruby/1.9.1/webrick/httpserver.rb:94:in `run'
  /home/cjreeve/.rvm/rubies/ruby-1.9.3-p385/lib/ruby/1.9.1/webrick/server.rb:191:in `block in start_thread'


  Rendered /home/cjreeve/.rvm/gems/ruby-1.9.3-p385/gems/actionpack-3.2.11/lib/action_dispatch/middleware/templates/rescues/routing_error.erb within rescues/layout (0.9ms)


Started GET "/static_pages/home" for 127.0.0.1 at 2013-02-13 14:32:01 +0000
Processing by StaticPagesController#home as HTML
  Rendered static_pages/home.html.erb within layouts/application (1.0ms)
Compiled jquery.js  (9ms)  (pid 28466)
Compiled jquery_ujs.js  (0ms)  (pid 28466)
Compiled application.js  (42ms)  (pid 28466)
Completed 200 OK in 108ms (Views: 107.1ms | ActiveRecord: 0.0ms)


Started GET "/assets/application.css?body=1" for 127.0.0.1 at 2013-02-13 14:32:01 +0000
Served asset /application.css - 200 OK (115ms)


Started GET "/assets/jquery_ujs.js?body=1" for 127.0.0.1 at 2013-02-13 14:32:01 +0000
Served asset /jquery_ujs.js - 200 OK (14ms)


Started GET "/assets/jquery.js?body=1" for 127.0.0.1 at 2013-02-13 14:32:01 +0000
Served asset /jquery.js - 200 OK (9ms)


Started GET "/assets/static_pages.css?body=1" for 127.0.0.1 at 2013-02-13 14:32:01 +0000
Served asset /static_pages.css - 200 OK (2ms)


Started GET "/assets/static_pages.js?body=1" for 127.0.0.1 at 2013-02-13 14:32:01 +0000
Served asset /static_pages.js - 200 OK (4ms)


Started GET "/assets/application.js?body=1" for 127.0.0.1 at 2013-02-13 14:32:01 +0000
Served asset /application.js - 200 OK (21ms)
